#
# A fatal error has been detected by the Java Runtime Environment:
#
#  EXCEPTION_ACCESS_VIOLATION (0xc0000005) at pc=0x5a02d35b, pid=9896, tid=19100
#
# JRE version: Java(TM) SE Runtime Environment (7.0_51-b13) (build 1.7.0_51-b13)
# Java VM: Java HotSpot(TM) Client VM (24.51-b03 mixed mode windows-x86 )
# Problematic frame:
# V  [jvm.dll+0xdd35b]
#
# Failed to write core dump. Minidumps are not enabled by default on client versions of Windows
#
# If you would like to submit a bug report, please visit:
#   http://bugreport.sun.com/bugreport/crash.jsp
#

---------------  T H R E A D  ---------------

Current thread (0x192d5c00):  JavaThread "JDWP Transport Listener: dt_socket" daemon [_thread_in_vm, id=19100, stack(0x19980000,0x199d0000)]

siginfo: ExceptionCode=0xc0000005, reading address 0x0000003b

Registers:
EAX=0x0000003b, EBX=0x00000000, ECX=0x0000003b, EDX=0x00000000
ESP=0x199cf384, EBP=0x199cf388, ESI=0x01327198, EDI=0x199cf468
EIP=0x5a02d35b, EFLAGS=0x00010202

Top of Stack: (sp=0x199cf384)
0x199cf384:   01327198 199cf3b0 5a15e1da 0000003b
0x199cf394:   199cf3eb 192d5c00 00000000 00000000
0x199cf3a4:   00000000 192d5c00 192d5c00 199cf3ec
0x199cf3b4:   71549d9d 01327198 0000003b 199cf3eb
0x199cf3c4:   0000003b 7153436d 0000003b 199cf3eb
0x199cf3d4:   00000009 00000000 00000000 00000009
0x199cf3e4:   00000000 00f0403c 199cf40c 715344e0
0x199cf3f4:   00000001 199cf428 199cf464 19379d80 

Instructions: (pc=0x5a02d35b)
0x5a02d33b:   89 4f 04 8b 56 0c 89 57 08 8b 46 10 89 47 0c 5f
0x5a02d34b:   5e 5d c2 0c 00 55 8b ec 8b 45 08 56 85 c0 74 28
0x5a02d35b:   8b 30 85 f6 74 22 81 fe fe fe fe fe 74 1a 8b 4e
0x5a02d36b:   04 8b 41 08 8b 90 90 00 00 00 83 c1 08 ff d2 84 


Register to memory mapping:

EAX=0x0000003b is an unknown value
EBX=0x00000000 is an unknown value
ECX=0x0000003b is an unknown value
EDX=0x00000000 is an unknown value
ESP=0x199cf384 is pointing into the stack for thread: 0x192d5c00
EBP=0x199cf388 is pointing into the stack for thread: 0x192d5c00
ESI=0x01327198 is an unknown value
EDI=0x199cf468 is pointing into the stack for thread: 0x192d5c00


Stack: [0x19980000,0x199d0000],  sp=0x199cf384,  free space=316k
Native frames: (J=compiled Java code, j=interpreted, Vv=VM code, C=native code)
V  [jvm.dll+0xdd35b]
V  [jvm.dll+0x20e1da]
C  [jdwp.dll+0x19d9d]
C  [jdwp.dll+0x44e0]
C  [jdwp.dll+0x451e]


---------------  P R O C E S S  ---------------

Java Threads: ( => current thread )
  0x192f0800 JavaThread "Service Thread" daemon [_thread_blocked, id=14264, stack(0x19bc0000,0x19c10000)]
  0x192e7800 JavaThread "C1 CompilerThread0" daemon [_thread_blocked, id=856, stack(0x19b30000,0x19b80000)]
  0x192dc800 JavaThread "JDWP Command Reader" daemon [_thread_in_native, id=13472, stack(0x19aa0000,0x19af0000)]
  0x192d8400 JavaThread "JDWP Event Helper Thread" daemon [_thread_blocked, id=11400, stack(0x19a10000,0x19a60000)]
=>0x192d5c00 JavaThread "JDWP Transport Listener: dt_socket" daemon [_thread_in_vm, id=19100, stack(0x19980000,0x199d0000)]
  0x192ca000 JavaThread "Attach Listener" daemon [_thread_blocked, id=18152, stack(0x19580000,0x195d0000)]
  0x192c7c00 JavaThread "Signal Dispatcher" daemon [_thread_blocked, id=10964, stack(0x194f0000,0x19540000)]
  0x02f05800 JavaThread "Finalizer" daemon [_thread_blocked, id=17708, stack(0x19260000,0x192b0000)]
  0x02f04400 JavaThread "Reference Handler" daemon [_thread_blocked, id=16516, stack(0x191d0000,0x19220000)]
  0x0132d400 JavaThread "main" [_thread_blocked, id=15908, stack(0x02dc0000,0x02e10000)]

Other Threads:
  0x02f01c00 VMThread [stack: 0x19140000,0x19190000] [id=14312]
  0x19302800 WatcherThread [stack: 0x19c50000,0x19ca0000] [id=19420]

VM state:not at safepoint (normal execution)

VM Mutex/Monitor currently owned by a thread: None

Heap
 def new generation   total 4928K, used 2858K [0x04fc0000, 0x05510000, 0x0a510000)
  eden space 4416K,  53% used [0x04fc0000, 0x0520aac8, 0x05410000)
  from space 512K, 100% used [0x05410000, 0x05490000, 0x05490000)
  to   space 512K,   0% used [0x05490000, 0x05490000, 0x05510000)
 tenured generation   total 10944K, used 1531K [0x0a510000, 0x0afc0000, 0x14fc0000)
   the space 10944K,  13% used [0x0a510000, 0x0a68ee20, 0x0a68f000, 0x0afc0000)
 compacting perm gen  total 12288K, used 4388K [0x14fc0000, 0x15bc0000, 0x18fc0000)
   the space 12288K,  35% used [0x14fc0000, 0x15409230, 0x15409400, 0x15bc0000)
No shared spaces configured.

Card table byte_map: [0x18fc0000,0x19070000] byte_map_base: 0x18f98200

Polling page: 0x01330000

Code Cache  [0x02f40000, 0x03030000, 0x04f40000)
 total_blobs=338 nmethods=196 adapters=87 free_code_cache=31835Kb largest_free_block=32599744

Compilation events (10 events):
Event: 6.141 Thread 0x192e7800  192             sun.reflect.generics.parser.SignatureParser::advance (37 bytes)
Event: 6.141 Thread 0x192e7800 nmethod 192 0x03025508 code [0x03025600, 0x03025680]
Event: 6.142 Thread 0x192e7800  193             sun.reflect.generics.parser.SignatureParser::parseIdentifier (115 bytes)
Event: 6.142 Thread 0x192e7800 nmethod 193 0x030256c8 code [0x03025840, 0x03025be0]
Event: 37.200 Thread 0x192e7800  194             sun.security.provider.DigestBase::engineReset (25 bytes)
Event: 37.200 Thread 0x192e7800 nmethod 194 0x03025fc8 code [0x030260d0, 0x030261bc]
Event: 37.224 Thread 0x192e7800  195             com.sun.crypto.provider.CipherBlockChaining::decrypt (162 bytes)
Event: 37.224 Thread 0x192e7800 nmethod 195 0x03026208 code [0x03026360, 0x03026700]
Event: 37.379 Thread 0x192e7800  196             com.sun.crypto.provider.CipherCore::doFinal (609 bytes)
Event: 37.380 Thread 0x192e7800 nmethod 196 0x03026a88 code [0x03026e10, 0x03027b7c]

GC Heap History (4 events):
Event: 0.324 GC heap before
{Heap before GC invocations=0 (full 0):
 def new generation   total 4928K, used 4416K [0x04fc0000, 0x05510000, 0x0a510000)
  eden space 4416K, 100% used [0x04fc0000, 0x05410000, 0x05410000)
  from space 512K,   0% used [0x05410000, 0x05410000, 0x05490000)
  to   space 512K,   0% used [0x05490000, 0x05490000, 0x05510000)
 tenured generation   total 10944K, used 0K [0x0a510000, 0x0afc0000, 0x14fc0000)
   the space 10944K,   0% used [0x0a510000, 0x0a510000, 0x0a510200, 0x0afc0000)
 compacting perm gen  total 12288K, used 3239K [0x14fc0000, 0x15bc0000, 0x18fc0000)
   the space 12288K,  26% used [0x14fc0000, 0x152e9dc8, 0x152e9e00, 0x15bc0000)
No shared spaces configured.
Event: 0.328 GC heap after
Heap after GC invocations=1 (full 0):
 def new generation   total 4928K, used 512K [0x04fc0000, 0x05510000, 0x0a510000)
  eden space 4416K,   0% used [0x04fc0000, 0x04fc0000, 0x05410000)
  from space 512K, 100% used [0x05490000, 0x05510000, 0x05510000)
  to   space 512K,   0% used [0x05410000, 0x05410000, 0x05490000)
 tenured generation   total 10944K, used 764K [0x0a510000, 0x0afc0000, 0x14fc0000)
   the space 10944K,   6% used [0x0a510000, 0x0a5cf130, 0x0a5cf200, 0x0afc0000)
 compacting perm gen  total 12288K, used 3239K [0x14fc0000, 0x15bc0000, 0x18fc0000)
   the space 12288K,  26% used [0x14fc0000, 0x152e9dc8, 0x152e9e00, 0x15bc0000)
No shared spaces configured.
}
Event: 0.444 GC heap before
{Heap before GC invocations=1 (full 0):
 def new generation   total 4928K, used 4928K [0x04fc0000, 0x05510000, 0x0a510000)
  eden space 4416K, 100% used [0x04fc0000, 0x05410000, 0x05410000)
  from space 512K, 100% used [0x05490000, 0x05510000, 0x05510000)
  to   space 512K,   0% used [0x05410000, 0x05410000, 0x05490000)
 tenured generation   total 10944K, used 764K [0x0a510000, 0x0afc0000, 0x14fc0000)
   the space 10944K,   6% used [0x0a510000, 0x0a5cf130, 0x0a5cf200, 0x0afc0000)
 compacting perm gen  total 12288K, used 3759K [0x14fc0000, 0x15bc0000, 0x18fc0000)
   the space 12288K,  30% used [0x14fc0000, 0x1536bc18, 0x1536be00, 0x15bc0000)
No shared spaces configured.
Event: 0.448 GC heap after
Heap after GC invocations=2 (full 0):
 def new generation   total 4928K, used 512K [0x04fc0000, 0x05510000, 0x0a510000)
  eden space 4416K,   0% used [0x04fc0000, 0x04fc0000, 0x05410000)
  from space 512K, 100% used [0x05410000, 0x05490000, 0x05490000)
  to   space 512K,   0% used [0x05490000, 0x05490000, 0x05510000)
 tenured generation   total 10944K, used 1531K [0x0a510000, 0x0afc0000, 0x14fc0000)
   the space 10944K,  13% used [0x0a510000, 0x0a68ee20, 0x0a68f000, 0x0afc0000)
 compacting perm gen  total 12288K, used 3759K [0x14fc0000, 0x15bc0000, 0x18fc0000)
   the space 12288K,  30% used [0x14fc0000, 0x1536bc18, 0x1536be00, 0x15bc0000)
No shared spaces configured.
}

Deoptimization events (0 events):
No events

Internal exceptions (10 events):
Event: 6.065 Thread 0x0132d400 Threw 0x051051d8 at C:\re\jdk7u51\527\hotspot\src\share\vm\prims\jvm.cpp:1244
Event: 6.067 Thread 0x0132d400 Threw 0x051087b0 at C:\re\jdk7u51\527\hotspot\src\share\vm\prims\jvm.cpp:1244
Event: 6.068 Thread 0x0132d400 Threw 0x0510eae0 at C:\re\jdk7u51\527\hotspot\src\share\vm\prims\jvm.cpp:1244
Event: 6.070 Thread 0x0132d400 Threw 0x05111ae8 at C:\re\jdk7u51\527\hotspot\src\share\vm\prims\jvm.cpp:1244
Event: 6.105 Thread 0x0132d400 Threw 0x0514abd8 at C:\re\jdk7u51\527\hotspot\src\share\vm\prims\jvm.cpp:1244
Event: 6.108 Thread 0x0132d400 Threw 0x051576e8 at C:\re\jdk7u51\527\hotspot\src\share\vm\prims\jvm.cpp:1244
Event: 6.121 Thread 0x0132d400 Threw 0x0516be28 at C:\re\jdk7u51\527\hotspot\src\share\vm\prims\jvm.cpp:1244
Event: 6.123 Thread 0x0132d400 Threw 0x0516ffd0 at C:\re\jdk7u51\527\hotspot\src\share\vm\prims\jvm.cpp:1244
Event: 6.124 Thread 0x0132d400 Threw 0x0518c140 at C:\re\jdk7u51\527\hotspot\src\share\vm\prims\jvm.cpp:1244
Event: 6.126 Thread 0x0132d400 Threw 0x051940b8 at C:\re\jdk7u51\527\hotspot\src\share\vm\prims\jvm.cpp:1244

Events (10 events):
Event: 40.487 Executing VM operation: GetCurrentLocation
Event: 40.487 Executing VM operation: GetCurrentLocation done
Event: 40.487 Executing VM operation: ChangeSingleStep
Event: 40.487 Executing VM operation: ChangeSingleStep done
Event: 40.487 Executing VM operation: ChangeSingleStep
Event: 40.487 Executing VM operation: ChangeSingleStep done
Event: 44.410 Executing VM operation: GetOrSetLocal
Event: 44.410 Executing VM operation: GetOrSetLocal done
Event: 126.465 Executing VM operation: RedefineClasses
Event: 126.465 Executing VM operation: RedefineClasses done


Dynamic libraries:
0x01190000 - 0x011bf000 	C:\Program Files (x86)\Java\jre7\bin\javaw.exe
0x775d0000 - 0x77727000 	C:\Windows\SYSTEM32\ntdll.dll
0x76ee0000 - 0x77010000 	C:\Windows\SYSTEM32\KERNEL32.DLL
0x77400000 - 0x774a6000 	C:\Windows\SYSTEM32\KERNELBASE.dll
0x74b20000 - 0x74b8d000 	C:\Windows\SYSTEM32\SYSFER.DLL
0x75090000 - 0x7513e000 	C:\Windows\SYSTEM32\ADVAPI32.dll
0x771a0000 - 0x772b6000 	C:\Windows\SYSTEM32\USER32.dll
0x71890000 - 0x71a88000 	C:\Windows\WinSxS\x86_microsoft.windows.common-controls_6595b64144ccf1df_6.0.9200.16579_none_8937eec6860750f5\COMCTL32.dll
0x755f0000 - 0x756a1000 	C:\Windows\SYSTEM32\msvcrt.dll
0x75c10000 - 0x75c44000 	C:\Windows\SYSTEM32\sechost.dll
0x77350000 - 0x773fc000 	C:\Windows\SYSTEM32\RPCRT4.dll
0x74f90000 - 0x7508d000 	C:\Windows\SYSTEM32\GDI32.dll
0x74c00000 - 0x74c1c000 	C:\Windows\SYSTEM32\SspiCli.dll
0x74bf0000 - 0x74bf9000 	C:\Windows\SYSTEM32\CRYPTBASE.dll
0x74b90000 - 0x74be1000 	C:\Windows\SYSTEM32\bcryptPrimitives.dll
0x74cc0000 - 0x74cc6000 	C:\Windows\SYSTEM32\psapi.dll
0x75350000 - 0x75370000 	C:\Windows\system32\IMM32.DLL
0x75b30000 - 0x75c0e000 	C:\Windows\SYSTEM32\MSCTF.dll
0x711e0000 - 0x7129f000 	C:\Program Files (x86)\Java\jre7\bin\msvcr100.dll
0x59f50000 - 0x5a2d0000 	C:\Program Files (x86)\Java\jre7\bin\client\jvm.dll
0x73e80000 - 0x73e88000 	C:\Windows\SYSTEM32\WSOCK32.dll
0x74300000 - 0x74321000 	C:\Windows\SYSTEM32\WINMM.dll
0x74c20000 - 0x74c70000 	C:\Windows\SYSTEM32\WS2_32.dll
0x742c0000 - 0x742eb000 	C:\Windows\SYSTEM32\WINMMBASE.dll
0x75340000 - 0x75348000 	C:\Windows\SYSTEM32\NSI.dll
0x75940000 - 0x75986000 	C:\Windows\SYSTEM32\cfgmgr32.dll
0x74d50000 - 0x74d6e000 	C:\Windows\SYSTEM32\DEVOBJ.dll
0x72dc0000 - 0x72dcc000 	C:\Program Files (x86)\Java\jre7\bin\verify.dll
0x715b0000 - 0x715d0000 	C:\Program Files (x86)\Java\jre7\bin\java.dll
0x71530000 - 0x7155a000 	C:\Program Files (x86)\Java\jre7\bin\jdwp.dll
0x74340000 - 0x74347000 	C:\Program Files (x86)\Java\jre7\bin\npt.dll
0x714f0000 - 0x71503000 	C:\Program Files (x86)\Java\jre7\bin\zip.dll
0x74330000 - 0x74338000 	C:\Program Files (x86)\Java\jre7\bin\dt_socket.dll
0x729c0000 - 0x729d0000 	C:\Windows\system32\napinsp.dll
0x729a0000 - 0x729b4000 	C:\Windows\system32\pnrpnsp.dll
0x72990000 - 0x729a0000 	C:\Windows\system32\NLAapi.dll
0x74370000 - 0x743ba000 	C:\Windows\System32\mswsock.dll
0x73fa0000 - 0x74015000 	C:\Windows\SYSTEM32\DNSAPI.dll
0x72980000 - 0x72989000 	C:\Windows\System32\winrnr.dll
0x72970000 - 0x72980000 	C:\Windows\system32\wshbth.dll
0x73f50000 - 0x73f8f000 	C:\Windows\System32\fwpuclnt.dll
0x73f90000 - 0x73f97000 	C:\Windows\System32\rasadhlp.dll
0x71490000 - 0x714b0000 	C:\Program Files (x86)\Java\jre7\bin\sunec.dll
0x714d0000 - 0x714e4000 	C:\Program Files (x86)\Java\jre7\bin\net.dll
0x74520000 - 0x74540000 	C:\Windows\SYSTEM32\IPHLPAPI.DLL
0x74510000 - 0x74518000 	C:\Windows\SYSTEM32\WINNSI.DLL
0x714c0000 - 0x714cf000 	C:\Program Files (x86)\Java\jre7\bin\nio.dll
0x743e0000 - 0x74509000 	C:\Windows\SYSTEM32\dbghelp.dll

VM Arguments:
jvm_args: -agentlib:jdwp=transport=dt_socket,suspend=y,address=localhost:57735 -Dfile.encoding=Cp1252 
java_command: PredictionSample
Launcher Type: SUN_STANDARD

Environment Variables:
JAVA_HOME=C:\Program Files (x86)\Java\jre7
PATH=C:/Program Files (x86)/Java/jre7/bin/client;C:/Program Files (x86)/Java/jre7/bin;C:/Program Files (x86)/Java/jre7/lib/i386;C:\Program Files (x86)\Common Files\NetSarang;c:\oracle\ora11g\bin;C:\Program Files (x86)\Intel\iCLS Client\;C:\Program Files\Intel\iCLS Client\;C:\Windows\system32;C:\Windows;C:\Windows\System32\Wbem;C:\Windows\System32\WindowsPowerShell\v1.0\;C:\Program Files\Intel\Intel(R) Management Engine Components\DAL;C:\Program Files\Intel\Intel(R) Management Engine Components\IPT;C:\Program Files (x86)\Intel\Intel(R) Management Engine Components\DAL;C:\Program Files (x86)\Intel\Intel(R) Management Engine Components\IPT;C:\Program Files (x86)\Java\jre7\bin;C:\Program Files (x86)\SSH Communications Security\SSH Secure Shell;C:\Program Files (x86)\IDM Computer Solutions\UltraEdit\;D:\programlar\eclipse-jee-kepler-SR1-win32\eclipse;
USERNAME=002834
OS=Windows_NT
PROCESSOR_IDENTIFIER=Intel64 Family 6 Model 58 Stepping 9, GenuineIntel



---------------  S Y S T E M  ---------------

OS: Windows 8 , 64 bit Build 9200 

CPU:total 4 (2 cores per cpu, 2 threads per core) family 6 model 58 stepping 9, cmov, cx8, fxsr, mmx, sse, sse2, sse3, ssse3, sse4.1, sse4.2, popcnt, avx, aes, erms, ht, tsc, tscinvbit, tscinv

Memory: 4k page, physical 4054504k(936904k free), swap 16637416k(8522200k free)

vm_info: Java HotSpot(TM) Client VM (24.51-b03) for windows-x86 JRE (1.7.0_51-b13), built on Dec 18 2013 19:09:58 by "java_re" with unknown MS VC++:1600

time: Tue May 06 00:36:11 2014
elapsed time: 126 seconds

